Turbo Assembler	 Version 3.1	    03/26/23 18:22:03	    Page 1
lab2.ASM



      1				     title lab2.asm
      2	0000			     .MODEL tiny ; розмір	програми
      3
      4	0000			     text segment ; Початок сегмента команд
      5				     assume CS:text, DS:data, SS:stk ; Сегментний регістр CS вказує на	    +
      6				     сегмент команд
      7							     ; сегментний регістр DS -	на сегмент	    +
      8				     даних
      9							     ; сегментний регістр SS -	на сегмент	    +
     10				     стеку
     11
     12	0000  B8 0000s		     begin:mov AX, data	 ;Адресу сегмента	спочатку завантажуємо в+
     13				     АХ,
     14	0003  8E D8			   mov DS, AX	 ;а потім	переносимо з	АХ в	DS
     15	0005  B4 09			   mov AH, 09h	 ; Функція DOS 9h означає	виведення на	екран
     16	0007  BA 0000r			   mov DX, offset mesg ;Адреса повідомлення, що виводиться,   +
     17				     повинно бути в	DX
     18
     19	000A  CD 21			   int 21h ; Виклик DOS -	функція переривання
     20
     21	000C  B4 4C			   mov AH, 4Ch ; Функція	4Сh - завершення програми
     22	000E  B0 00			   mov Al, 0   ; Код	0 - код успішного завершення
     23	0010  CD 21			   int 21h     ; Виклик DOS
     24
     25	0012			     text ends		     ; Кінець сегмента
     26	0000			     data segment	     ; Початок сегменту даних
     27	0000  4E 41 43 48 49 4E	41+  mesg db "NACHINAEM	! $" ; Текст, що	виводиться
     28	      45 4D 20 21 20 24
     29	000D			     data ends		     ; Кінець сегменту даних
     30	0000			     stk segment stack	     ; Початок сегменту стека
     31	0000  0100*(00)			 db 256	dup (0)	     ; Резервуємо 256	байт для	стеку
     32	0100			     stk ends		     ; Кінець сегменту стека
     33					 end begin	     ; Кінець тексту програми з точкою входу
Turbo Assembler	 Version 3.1	    03/26/23 18:22:03	    Page 2
Symbol Table




Symbol Name		Type   Value			   Cref	(defined at #)

??DATE			Text   "03/26/23"
??FILENAME		Text   "lab2	"
??TIME			Text   "18:22:03"
??VERSION		Number 030A
@32BIT			Text   0			   #2
@CODE			Text   DGROUP			   #2
@CODESIZE		Text   0			   #2
@CPU			Text   0101H
@CURSEG			Text   STK			   #4  #26  #30
@DATA			Text   DGROUP			   #2
@DATASIZE		Text   0			   #2
@FILENAME		Text   LAB2
@INTERFACE		Text   00H			   #2
@MODEL			Text   1			   #2
@STACK			Text   DGROUP			   #2
@WORDSIZE		Text   2			   #4  #26  #30
BEGIN			Near   TEXT:0000		   #12	33
MESG			Byte   DATA:0000		   16  #27

Groups & Segments	Bit Size Align	Combine	Class	   Cref	(defined at #)

DATA			16  000D Para	none		   5  12  #26
DGROUP			Group				   #2  2
  _DATA			16  0000 Word	Public	DATA	   #2
  _TEXT			16  0000 Word	Public	CODE	   #2
STK			16  0100 Para	Stack		   5  #30
TEXT			16  0012 Para	none		   #4  5
